<?xml version="1.0" encoding="UTF-8"?>
<testsuite xmlns:xsi="http://www.w3.org/2001/XMLSchema-instance" xsi:noNamespaceSchemaLocation="https://maven.apache.org/surefire/maven-surefire-plugin/xsd/surefire-test-report-3.0.xsd" version="3.0" name="com.devops.project.envmonitor.EnvMonitorApplicationTests" time="4.311" tests="4" errors="0" skipped="0" failures="0">
  <properties>
[...]
</properties>
  <testcase name="testExtremeTemperatureLogic" classname="com.devops.project.envmonitor.EnvMonitorApplicationTests" time="1.174">
    <system-out><![CDATA[18:41:20.603 [main] INFO org.springframework.test.context.support.AnnotationConfigContextLoaderUtils -- Could not detect default configuration classes for test class [com.devops.project.envmonitor.EnvMonitorApplicationTests]: EnvMonitorApplicationTests does not declare any static, non-private, non-final, nested classes annotated with @Configuration.
18:41:20.703 [main] INFO org.springframework.boot.test.context.SpringBootTestContextBootstrapper -- Found @SpringBootConfiguration com.devops.project.envmonitor.EnvMonitorApplication for test class com.devops.project.envmonitor.EnvMonitorApplicationTests

  .   ____          _            __ _ _
 /\\ / ___'_ __ _ _(_)_ __  __ _ \ \ \ \
( ( )\___ | '_ | '_| | '_ \/ _` | \ \ \ \
 \\/  ___)| |_)| | | | | || (_| |  ) ) ) )
  '  |____| .__|_| |_|_| |_\__, | / / / /
 =========|_|==============|___/=/_/_/_/
 :: Spring Boot ::                (v3.2.5)

{"@timestamp":"2026-01-13T18:41:21.3257554+01:00","@version":"1","message":"HV000001: Hibernate Validator 8.0.1.Final","logger_name":"org.hibernate.validator.internal.util.Version","thread_name":"background-preinit","level":"INFO","level_value":20000}
{"@timestamp":"2026-01-13T18:41:21.3627562+01:00","@version":"1","message":"Starting EnvMonitorApplicationTests using Java 17.0.12 with PID 4996 (started by Jasser in E:\\Studying\\Cycle ing\\3eme annee\\Devops\\Project\\env-monitor)","logger_name":"com.devops.project.envmonitor.EnvMonitorApplicationTests","thread_name":"main","level":"INFO","level_value":20000}
{"@timestamp":"2026-01-13T18:41:21.3637566+01:00","@version":"1","message":"No active profile set, falling back to 1 default profile: \"default\"","logger_name":"com.devops.project.envmonitor.EnvMonitorApplicationTests","thread_name":"main","level":"INFO","level_value":20000}
{"@timestamp":"2026-01-13T18:41:22.655642+01:00","@version":"1","message":"Tomcat initialized with port 0 (http)","logger_name":"org.springframework.boot.web.embedded.tomcat.TomcatWebServer","thread_name":"main","level":"INFO","level_value":20000}
{"@timestamp":"2026-01-13T18:41:22.669639+01:00","@version":"1","message":"Initializing ProtocolHandler [\"http-nio-auto-1\"]","logger_name":"org.apache.coyote.http11.Http11NioProtocol","thread_name":"main","level":"INFO","level_value":20000}
{"@timestamp":"2026-01-13T18:41:22.6716418+01:00","@version":"1","message":"Starting service [Tomcat]","logger_name":"org.apache.catalina.core.StandardService","thread_name":"main","level":"INFO","level_value":20000}
{"@timestamp":"2026-01-13T18:41:22.6726402+01:00","@version":"1","message":"Starting Servlet engine: [Apache Tomcat/10.1.20]","logger_name":"org.apache.catalina.core.StandardEngine","thread_name":"main","level":"INFO","level_value":20000}
{"@timestamp":"2026-01-13T18:41:22.7436396+01:00","@version":"1","message":"Initializing Spring embedded WebApplicationContext","logger_name":"org.apache.catalina.core.ContainerBase.[Tomcat].[localhost].[/]","thread_name":"main","level":"INFO","level_value":20000}
{"@timestamp":"2026-01-13T18:41:22.7446409+01:00","@version":"1","message":"Root WebApplicationContext: initialization completed in 1362 ms","logger_name":"org.springframework.boot.web.servlet.context.ServletWebServerApplicationContext","thread_name":"main","level":"INFO","level_value":20000}
{"@timestamp":"2026-01-13T18:41:23.3416408+01:00","@version":"1","message":"Exposing 3 endpoint(s) beneath base path '/actuator'","logger_name":"org.springframework.boot.actuate.endpoint.web.EndpointLinksResolver","thread_name":"main","level":"INFO","level_value":20000}
{"@timestamp":"2026-01-13T18:41:23.3986414+01:00","@version":"1","message":"Starting ProtocolHandler [\"http-nio-auto-1\"]","logger_name":"org.apache.coyote.http11.Http11NioProtocol","thread_name":"main","level":"INFO","level_value":20000}
{"@timestamp":"2026-01-13T18:41:23.4286407+01:00","@version":"1","message":"Tomcat started on port 54139 (http) with context path ''","logger_name":"org.springframework.boot.web.embedded.tomcat.TomcatWebServer","thread_name":"main","level":"INFO","level_value":20000}
{"@timestamp":"2026-01-13T18:41:23.4416391+01:00","@version":"1","message":"Started EnvMonitorApplicationTests in 2.57 seconds (process running for 3.472)","logger_name":"com.devops.project.envmonitor.EnvMonitorApplicationTests","thread_name":"main","level":"INFO","level_value":20000}
{"@timestamp":"2026-01-13T18:41:24.4853235+01:00","@version":"1","message":"Initializing Spring DispatcherServlet 'dispatcherServlet'","logger_name":"org.apache.catalina.core.ContainerBase.[Tomcat].[localhost].[/]","thread_name":"http-nio-auto-1-exec-1","level":"INFO","level_value":20000}
{"@timestamp":"2026-01-13T18:41:24.4853235+01:00","@version":"1","message":"Initializing Servlet 'dispatcherServlet'","logger_name":"org.springframework.web.servlet.DispatcherServlet","thread_name":"http-nio-auto-1-exec-1","level":"INFO","level_value":20000}
{"@timestamp":"2026-01-13T18:41:24.4873232+01:00","@version":"1","message":"Completed initialization in 1 ms","logger_name":"org.springframework.web.servlet.DispatcherServlet","thread_name":"http-nio-auto-1-exec-1","level":"INFO","level_value":20000}
{"@timestamp":"2026-01-13T18:41:24.5902259+01:00","@version":"1","message":"Update received for zone: Sahara-01","logger_name":"com.devops.project.envmonitor.EnvMonitorApplication","thread_name":"http-nio-auto-1-exec-1","level":"INFO","level_value":20000}
{"@timestamp":"2026-01-13T18:41:24.5912272+01:00","@version":"1","message":"EXTREME_TEMP_ALERT in zone: Sahara-01","logger_name":"com.devops.project.envmonitor.EnvMonitorApplication","thread_name":"http-nio-auto-1-exec-1","level":"WARN","level_value":30000}
]]></system-out>
  </testcase>
  <testcase name="testCreateAndGetReading" classname="com.devops.project.envmonitor.EnvMonitorApplicationTests" time="0.04">
    <system-out><![CDATA[{"@timestamp":"2026-01-13T18:41:24.6855488+01:00","@version":"1","message":"Update received for zone: Zone-Alpha","logger_name":"com.devops.project.envmonitor.EnvMonitorApplication","thread_name":"http-nio-auto-1-exec-2","level":"INFO","level_value":20000}
]]></system-out>
  </testcase>
  <testcase name="contextLoads" classname="com.devops.project.envmonitor.EnvMonitorApplicationTests" time="0.004"/>
  <testcase name="testValidationFailure" classname="com.devops.project.envmonitor.EnvMonitorApplicationTests" time="0.053"/>
</testsuite>